0	19:46:52.609	Custom indicator Support&Resistance USDJPY,H1: loaded successfully
0	19:46:52.658	Support&Resistance USDJPY,H1: initialized
0	19:46:52.717	Custom indicator Support&Resistance AUDUSD,H1: loaded successfully
0	19:46:52.765	Support&Resistance AUDUSD,H1: initialized
0	19:46:52.823	Custom indicator PivotPoints.All-In-One EURUSD,H1: loaded successfully
0	19:46:52.871	PivotPoints.All-In-One EURUSD,H1: initialized
0	19:46:52.918	Custom indicator Support&Resistance EURUSD,H1: loaded successfully
0	19:46:52.965	Support&Resistance EURUSD,H1: initialized
0	19:46:53.032	Custom indicator Market\RelicusRoad Pro EURUSD,H1: loaded successfully
0	19:46:53.054	RelicusRoad Pro EURUSD,H1: Total Buffers = 56
0	19:46:53.054	RelicusRoad Pro EURUSD,H1: Screen DPI: 1
0	19:46:53.056	RelicusRoad Pro EURUSD,H1: initialized
0	19:46:53.098	RelicusRoad Pro EURUSD,H1: Calculate
0	19:46:53.188	RelicusRoad Pro EURUSD,H1: Load Time = 125ms
0	19:46:53.242	Custom indicator Market\RelicusRoad Pro USDJPY,H1: loaded successfully
0	19:46:53.264	RelicusRoad Pro USDJPY,H1: Total Buffers = 56
0	19:46:53.264	RelicusRoad Pro USDJPY,H1: Screen DPI: 1
0	19:46:53.265	RelicusRoad Pro USDJPY,H1: initialized
0	19:46:53.308	RelicusRoad Pro USDJPY,H1: Calculate
0	19:46:53.404	RelicusRoad Pro USDJPY,H1: Load Time = 141ms
0	19:46:55.317	RelicusRoad Pro EURUSD,H1: Calculate
0	19:46:55.318	RelicusRoad Pro USDJPY,H1: Calculate
0	19:46:56.504	RelicusRoad Pro EURUSD,H1: Calculate
0	19:46:56.516	RelicusRoad Pro EURUSD,H1: Alert: EURUSD - M60 // REVERSAL SELL || 1.09165 || TP:1.08798 || SL: 1.10269 // RelicusRoad
0	19:46:56.828	RelicusRoad Pro USDJPY,H1: Calculate
0	19:46:56.843	RelicusRoad Pro USDJPY,H1: Alert: USDJPY - M60 // REVERSAL SELL || 114.956 || TP:114.807 || SL: 115.404 // RelicusRoad
0	19:46:56.909	RelicusRoad Pro EURUSD,H1: Calculate
0	19:46:56.916	RelicusRoad Pro USDJPY,H1: Calculate
0	19:46:56.918	RelicusRoad Pro EURUSD,H1: Calculate
0	19:46:56.919	RelicusRoad Pro USDJPY,H1: Calculate
0	19:46:56.921	RelicusRoad Pro EURUSD,H1: Calculate
0	19:46:56.922	RelicusRoad Pro USDJPY,H1: Calculate
0	19:46:56.924	RelicusRoad Pro EURUSD,H1: Calculate
0	19:46:56.925	RelicusRoad Pro USDJPY,H1: Calculate
0	19:46:56.927	RelicusRoad Pro EURUSD,H1: Calculate
0	19:46:56.929	RelicusRoad Pro USDJPY,H1: Calculate
0	19:46:56.930	RelicusRoad Pro EURUSD,H1: Calculate
0	19:46:56.932	RelicusRoad Pro USDJPY,H1: Calculate
0	19:46:56.974	RelicusRoad Pro EURUSD,H1: Calculate
0	19:46:56.976	RelicusRoad Pro USDJPY,H1: Calculate
0	19:46:56.978	RelicusRoad Pro EURUSD,H1: Calculate
0	19:46:56.979	RelicusRoad Pro USDJPY,H1: Calculate
0	19:46:56.981	RelicusRoad Pro EURUSD,H1: Calculate
0	19:46:56.982	RelicusRoad Pro USDJPY,H1: Calculate
0	19:46:56.984	RelicusRoad Pro EURUSD,H1: Calculate
0	19:46:56.985	RelicusRoad Pro USDJPY,H1: Calculate
0	19:46:56.987	RelicusRoad Pro EURUSD,H1: Calculate
0	19:46:56.988	RelicusRoad Pro USDJPY,H1: Calculate
0	19:46:56.990	RelicusRoad Pro EURUSD,H1: Calculate
0	19:46:56.991	RelicusRoad Pro USDJPY,H1: Calculate
0	19:46:56.994	RelicusRoad Pro EURUSD,H1: Calculate
0	19:46:56.995	RelicusRoad Pro USDJPY,H1: Calculate
0	19:46:56.997	RelicusRoad Pro EURUSD,H1: Calculate
0	19:46:56.998	RelicusRoad Pro USDJPY,H1: Calculate
0	19:46:57.000	RelicusRoad Pro EURUSD,H1: Calculate
0	19:46:57.001	RelicusRoad Pro USDJPY,H1: Calculate
0	19:46:57.003	RelicusRoad Pro EURUSD,H1: Calculate
0	19:46:57.004	RelicusRoad Pro USDJPY,H1: Calculate
0	19:46:57.006	RelicusRoad Pro EURUSD,H1: Calculate
0	19:46:57.008	RelicusRoad Pro USDJPY,H1: Calculate
0	19:46:57.018	RelicusRoad Pro EURUSD,H1: Calculate
0	19:46:57.019	RelicusRoad Pro USDJPY,H1: Calculate
0	19:46:57.025	RelicusRoad Pro EURUSD,H1: Calculate
0	19:46:57.027	RelicusRoad Pro USDJPY,H1: Calculate
0	19:46:57.029	RelicusRoad Pro EURUSD,H1: Calculate
0	19:46:57.030	RelicusRoad Pro USDJPY,H1: Calculate
0	19:46:57.032	RelicusRoad Pro EURUSD,H1: Calculate
0	19:46:57.033	RelicusRoad Pro USDJPY,H1: Calculate
0	19:46:57.035	RelicusRoad Pro EURUSD,H1: Calculate
0	19:46:57.036	RelicusRoad Pro USDJPY,H1: Calculate
0	19:46:57.038	RelicusRoad Pro EURUSD,H1: Calculate
0	19:46:57.039	RelicusRoad Pro USDJPY,H1: Calculate
0	19:46:57.041	RelicusRoad Pro EURUSD,H1: Calculate
0	19:46:57.043	RelicusRoad Pro USDJPY,H1: Calculate
0	19:46:57.045	RelicusRoad Pro EURUSD,H1: Calculate
0	19:46:57.046	RelicusRoad Pro USDJPY,H1: Calculate
0	19:46:57.048	RelicusRoad Pro EURUSD,H1: Calculate
0	19:46:57.049	RelicusRoad Pro USDJPY,H1: Calculate
0	19:46:57.051	RelicusRoad Pro EURUSD,H1: Calculate
0	19:46:57.052	RelicusRoad Pro USDJPY,H1: Calculate
0	19:46:57.054	RelicusRoad Pro EURUSD,H1: Calculate
0	19:46:57.055	RelicusRoad Pro USDJPY,H1: Calculate
0	19:46:57.057	RelicusRoad Pro EURUSD,H1: Calculate
0	19:46:57.058	RelicusRoad Pro USDJPY,H1: Calculate
0	19:46:57.060	RelicusRoad Pro EURUSD,H1: Calculate
0	19:46:57.062	RelicusRoad Pro USDJPY,H1: Calculate
0	19:46:57.063	RelicusRoad Pro EURUSD,H1: Calculate
0	19:46:57.065	RelicusRoad Pro USDJPY,H1: Calculate
0	19:46:57.067	RelicusRoad Pro EURUSD,H1: Calculate
0	19:46:57.068	RelicusRoad Pro USDJPY,H1: Calculate
0	19:46:57.070	RelicusRoad Pro EURUSD,H1: Calculate
0	19:46:57.071	RelicusRoad Pro USDJPY,H1: Calculate
0	19:46:57.073	RelicusRoad Pro EURUSD,H1: Calculate
0	19:46:57.074	RelicusRoad Pro USDJPY,H1: Calculate
0	19:46:57.076	RelicusRoad Pro EURUSD,H1: Calculate
0	19:46:57.078	RelicusRoad Pro USDJPY,H1: Calculate
0	19:46:57.080	RelicusRoad Pro EURUSD,H1: Calculate
0	19:46:57.081	RelicusRoad Pro USDJPY,H1: Calculate
0	19:46:57.083	RelicusRoad Pro EURUSD,H1: Calculate
0	19:46:57.084	RelicusRoad Pro USDJPY,H1: Calculate
0	19:46:57.086	RelicusRoad Pro EURUSD,H1: Calculate
0	19:46:57.087	RelicusRoad Pro USDJPY,H1: Calculate
0	19:46:57.089	RelicusRoad Pro EURUSD,H1: Calculate
0	19:46:57.090	RelicusRoad Pro USDJPY,H1: Calculate
0	19:46:57.092	RelicusRoad Pro EURUSD,H1: Calculate
0	19:46:57.093	RelicusRoad Pro USDJPY,H1: Calculate
0	19:46:57.095	RelicusRoad Pro EURUSD,H1: Calculate
0	19:46:57.097	RelicusRoad Pro USDJPY,H1: Calculate
0	19:46:57.099	RelicusRoad Pro EURUSD,H1: Calculate
0	19:46:57.100	RelicusRoad Pro USDJPY,H1: Calculate
0	19:46:57.102	RelicusRoad Pro EURUSD,H1: Calculate
0	19:46:57.103	RelicusRoad Pro USDJPY,H1: Calculate
0	19:46:57.105	RelicusRoad Pro EURUSD,H1: Calculate
0	19:46:57.106	RelicusRoad Pro USDJPY,H1: Calculate
0	19:46:57.108	RelicusRoad Pro EURUSD,H1: Calculate
0	19:46:57.110	RelicusRoad Pro USDJPY,H1: Calculate
0	19:46:57.182	RelicusRoad Pro EURUSD,H1: Calculate
0	19:46:57.185	RelicusRoad Pro USDJPY,H1: Calculate
0	19:46:57.191	RelicusRoad Pro EURUSD,H1: Calculate
0	19:46:57.192	RelicusRoad Pro USDJPY,H1: Calculate
0	19:46:57.195	RelicusRoad Pro EURUSD,H1: Calculate
0	19:46:57.196	RelicusRoad Pro USDJPY,H1: Calculate
0	19:46:57.198	RelicusRoad Pro EURUSD,H1: Calculate
0	19:46:57.200	RelicusRoad Pro USDJPY,H1: Calculate
0	19:46:57.202	RelicusRoad Pro EURUSD,H1: Calculate
0	19:46:57.203	RelicusRoad Pro USDJPY,H1: Calculate
0	19:46:57.344	RelicusRoad Pro EURUSD,H1: Calculate
0	19:46:57.347	RelicusRoad Pro USDJPY,H1: Calculate
0	19:46:57.354	RelicusRoad Pro EURUSD,H1: Calculate
0	19:46:57.355	RelicusRoad Pro USDJPY,H1: Calculate
0	19:46:57.358	RelicusRoad Pro EURUSD,H1: Calculate
0	19:46:57.359	RelicusRoad Pro USDJPY,H1: Calculate
0	19:46:57.361	RelicusRoad Pro EURUSD,H1: Calculate
0	19:46:57.362	RelicusRoad Pro USDJPY,H1: Calculate
0	19:46:57.364	RelicusRoad Pro EURUSD,H1: Calculate
0	19:46:57.366	RelicusRoad Pro USDJPY,H1: Calculate
0	19:46:57.368	RelicusRoad Pro EURUSD,H1: Calculate
0	19:46:57.369	RelicusRoad Pro USDJPY,H1: Calculate
0	19:46:57.371	RelicusRoad Pro EURUSD,H1: Calculate
0	19:46:57.372	RelicusRoad Pro USDJPY,H1: Calculate
0	19:46:57.374	RelicusRoad Pro EURUSD,H1: Calculate
0	19:46:57.375	RelicusRoad Pro USDJPY,H1: Calculate
0	19:46:57.509	RelicusRoad Pro EURUSD,H1: Calculate
0	19:46:57.511	RelicusRoad Pro USDJPY,H1: Calculate
0	19:46:57.514	RelicusRoad Pro EURUSD,H1: Calculate
0	19:46:57.515	RelicusRoad Pro USDJPY,H1: Calculate
0	19:46:57.521	RelicusRoad Pro EURUSD,H1: Calculate
0	19:46:57.522	RelicusRoad Pro USDJPY,H1: Calculate
0	19:46:57.524	RelicusRoad Pro EURUSD,H1: Calculate
0	19:46:57.525	RelicusRoad Pro USDJPY,H1: Calculate
0	19:46:57.527	RelicusRoad Pro EURUSD,H1: Calculate
0	19:46:57.529	RelicusRoad Pro USDJPY,H1: Calculate
0	19:46:57.530	RelicusRoad Pro EURUSD,H1: Calculate
0	19:46:57.532	RelicusRoad Pro USDJPY,H1: Calculate
0	19:46:57.534	RelicusRoad Pro EURUSD,H1: Calculate
0	19:46:57.535	RelicusRoad Pro USDJPY,H1: Calculate
0	19:46:57.537	RelicusRoad Pro EURUSD,H1: Calculate
0	19:46:57.538	RelicusRoad Pro USDJPY,H1: Calculate
0	19:46:57.540	RelicusRoad Pro EURUSD,H1: Calculate
0	19:46:57.541	RelicusRoad Pro USDJPY,H1: Calculate
0	19:46:57.543	RelicusRoad Pro EURUSD,H1: Calculate
0	19:46:57.545	RelicusRoad Pro USDJPY,H1: Calculate
0	19:46:59.459	RelicusRoad Pro USDJPY,H1: Calculate
0	19:47:01.026	RelicusRoad Pro USDJPY,H1: Calculate
0	19:47:04.044	RelicusRoad Pro USDJPY,H1: Calculate
0	19:47:04.339	RelicusRoad Pro USDJPY,H1: Calculate
0	19:47:04.512	RelicusRoad Pro USDJPY,H1: Calculate
0	19:47:04.639	RelicusRoad Pro USDJPY,H1: Calculate
0	19:47:04.747	RelicusRoad Pro USDJPY,H1: Calculate
0	19:47:04.891	RelicusRoad Pro USDJPY,H1: Calculate
0	19:47:05.081	RelicusRoad Pro USDJPY,H1: Calculate
0	19:47:05.379	RelicusRoad Pro USDJPY,H1: Calculate
0	19:47:06.035	RelicusRoad Pro USDJPY,H1: Calculate
0	19:47:07.407	RelicusRoad Pro USDJPY,H1: Calculate
0	19:47:07.596	RelicusRoad Pro USDJPY,H1: Calculate
0	19:47:08.083	RelicusRoad Pro USDJPY,H1: Calculate
0	19:47:08.301	RelicusRoad Pro USDJPY,H1: Calculate
0	19:47:08.441	RelicusRoad Pro USDJPY,H1: Calculate
0	19:47:08.940	RelicusRoad Pro USDJPY,H1: Calculate
0	19:47:09.632	RelicusRoad Pro USDJPY,H1: Calculate
0	19:47:12.816	RelicusRoad Pro USDJPY,H1: Calculate
0	19:47:12.999	RelicusRoad Pro USDJPY,H1: Calculate
0	19:47:13.169	RelicusRoad Pro USDJPY,H1: Calculate
0	19:47:13.292	RelicusRoad Pro USDJPY,H1: Calculate
0	19:47:13.546	RelicusRoad Pro USDJPY,H1: Calculate
0	19:47:13.703	RelicusRoad Pro USDJPY,H1: Calculate
0	19:47:16.625	RelicusRoad Pro USDJPY,H1: Calculate
0	19:47:16.797	RelicusRoad Pro USDJPY,H1: Calculate
0	19:47:18.666	RelicusRoad Pro USDJPY,H1: Calculate
0	19:47:18.852	RelicusRoad Pro EURUSD,H1: Calculate
0	19:47:19.195	RelicusRoad Pro USDJPY,H1: Calculate
0	19:47:19.353	RelicusRoad Pro USDJPY,H1: Calculate
0	19:47:20.715	RelicusRoad Pro USDJPY,H1: Calculate
0	19:47:23.521	RelicusRoad Pro USDJPY,H1: Calculate
0	19:47:24.111	RelicusRoad Pro USDJPY,H1: Calculate
0	19:47:27.662	RelicusRoad Pro USDJPY,H1: Calculate
0	19:47:28.646	RelicusRoad Pro USDJPY,H1: Calculate
0	19:47:29.149	RelicusRoad Pro USDJPY,H1: Calculate
0	19:47:29.323	RelicusRoad Pro USDJPY,H1: Calculate
0	19:47:29.495	RelicusRoad Pro USDJPY,H1: Calculate
0	19:47:30.179	RelicusRoad Pro USDJPY,H1: Calculate
0	19:47:30.369	RelicusRoad Pro USDJPY,H1: Calculate
0	19:47:30.667	RelicusRoad Pro USDJPY,H1: Calculate
0	19:47:31.151	RelicusRoad Pro USDJPY,H1: Calculate
0	19:47:31.687	RelicusRoad Pro USDJPY,H1: Calculate
0	19:47:32.045	RelicusRoad Pro USDJPY,H1: Calculate
0	19:47:32.279	RelicusRoad Pro EURUSD,H1: Calculate
0	19:47:32.572	RelicusRoad Pro USDJPY,H1: Calculate
0	19:47:32.993	RelicusRoad Pro USDJPY,H1: Calculate
0	19:47:33.278	RelicusRoad Pro USDJPY,H1: Calculate
0	19:47:33.749	RelicusRoad Pro USDJPY,H1: Calculate
0	19:47:34.469	Compiling 'gbpjpy buy m15 pfol 1'
0	19:47:35.962	RelicusRoad Pro USDJPY,H1: Calculate
0	19:47:36.011	RelicusRoad Pro USDJPY,H1: Calculate
0	19:47:36.176	RelicusRoad Pro EURUSD,H1: Calculate
0	19:47:38.715	RelicusRoad Pro USDJPY,H1: Calculate
0	19:47:40.223	RelicusRoad Pro USDJPY,H1: Calculate
0	19:47:41.962	RelicusRoad Pro USDJPY,H1: Calculate
0	19:47:44.973	RelicusRoad Pro USDJPY,H1: Calculate
0	19:47:45.566	Expert gbpjpy buy m15 pfol 1 EURUSD,H1: loaded successfully
0	19:47:45.755	RelicusRoad Pro USDJPY,H1: Calculate
0	19:47:46.303	RelicusRoad Pro USDJPY,H1: Calculate
0	19:47:47.598	RelicusRoad Pro USDJPY,H1: Calculate
0	19:47:47.705	RelicusRoad Pro USDJPY,H1: Calculate
0	19:47:48.001	RelicusRoad Pro USDJPY,H1: Calculate
0	19:47:50.186	RelicusRoad Pro USDJPY,H1: Calculate
0	19:47:50.547	RelicusRoad Pro USDJPY,H1: Calculate
0	19:47:50.684	RelicusRoad Pro USDJPY,H1: Calculate
0	19:47:51.191	RelicusRoad Pro USDJPY,H1: Calculate
0	19:47:51.551	RelicusRoad Pro USDJPY,H1: Calculate
0	19:47:52.064	RelicusRoad Pro USDJPY,H1: Calculate
0	19:47:53.092	RelicusRoad Pro USDJPY,H1: Calculate
0	19:47:53.218	RelicusRoad Pro USDJPY,H1: Calculate
0	19:47:54.305	RelicusRoad Pro USDJPY,H1: Calculate
0	19:47:55.644	RelicusRoad Pro USDJPY,H1: Calculate
0	19:47:55.772	RelicusRoad Pro USDJPY,H1: Calculate
0	19:47:56.660	RelicusRoad Pro USDJPY,H1: Calculate
0	19:47:56.861	RelicusRoad Pro USDJPY,H1: Calculate
0	19:47:57.191	RelicusRoad Pro USDJPY,H1: Calculate
0	19:47:57.363	RelicusRoad Pro USDJPY,H1: Calculate
0	19:47:57.707	RelicusRoad Pro USDJPY,H1: Calculate
0	19:47:57.862	RelicusRoad Pro USDJPY,H1: Calculate
0	19:47:58.063	RelicusRoad Pro USDJPY,H1: Calculate
0	19:47:58.205	RelicusRoad Pro USDJPY,H1: Calculate
0	19:47:58.880	RelicusRoad Pro USDJPY,H1: Calculate
0	19:47:59.254	RelicusRoad Pro USDJPY,H1: Calculate
0	19:48:00.412	RelicusRoad Pro USDJPY,H1: Calculate
0	19:48:00.769	RelicusRoad Pro USDJPY,H1: Calculate
0	19:48:00.969	RelicusRoad Pro USDJPY,H1: Calculate
0	19:48:01.248	RelicusRoad Pro USDJPY,H1: Calculate
0	19:48:02.267	RelicusRoad Pro EURUSD,H1: Calculate
0	19:48:02.268	RelicusRoad Pro USDJPY,H1: Calculate
0	19:48:02.485	RelicusRoad Pro USDJPY,H1: Calculate
0	19:48:02.577	RelicusRoad Pro EURUSD,H1: Calculate
0	19:48:02.842	RelicusRoad Pro USDJPY,H1: Calculate
0	19:48:03.341	RelicusRoad Pro USDJPY,H1: Calculate
0	19:48:05.098	RelicusRoad Pro USDJPY,H1: Calculate
0	19:48:33.739	RelicusRoad Pro USDJPY,H1: Calculate
0	19:48:35.057	RelicusRoad Pro USDJPY,H1: Calculate
0	19:48:35.166	RelicusRoad Pro USDJPY,H1: Calculate
0	19:48:35.352	RelicusRoad Pro USDJPY,H1: Calculate
0	19:48:35.383	RelicusRoad Pro USDJPY,H1: Calculate
0	19:48:35.478	RelicusRoad Pro USDJPY,H1: Calculate
0	19:48:35.741	RelicusRoad Pro USDJPY,H1: Calculate
0	19:48:35.925	RelicusRoad Pro USDJPY,H1: Calculate
0	19:48:36.067	RelicusRoad Pro USDJPY,H1: Calculate
0	19:48:36.162	RelicusRoad Pro USDJPY,H1: Calculate
0	19:48:36.680	RelicusRoad Pro USDJPY,H1: Calculate
0	19:48:36.916	RelicusRoad Pro USDJPY,H1: Calculate
0	19:48:37.305	RelicusRoad Pro USDJPY,H1: Calculate
0	19:48:37.476	RelicusRoad Pro USDJPY,H1: Calculate
0	19:48:37.709	RelicusRoad Pro USDJPY,H1: Calculate
0	19:48:38.536	RelicusRoad Pro USDJPY,H1: Calculate
0	19:48:38.743	RelicusRoad Pro USDJPY,H1: Calculate
0	19:48:39.053	RelicusRoad Pro USDJPY,H1: Calculate
0	19:48:39.242	RelicusRoad Pro USDJPY,H1: Calculate
0	19:48:39.366	RelicusRoad Pro USDJPY,H1: Calculate
0	19:48:39.492	RelicusRoad Pro USDJPY,H1: Calculate
0	19:48:39.806	RelicusRoad Pro USDJPY,H1: Calculate
0	19:48:39.916	RelicusRoad Pro USDJPY,H1: Calculate
0	19:48:40.108	RelicusRoad Pro USDJPY,H1: Calculate
0	19:48:40.216	RelicusRoad Pro USDJPY,H1: Calculate
0	19:48:40.311	RelicusRoad Pro USDJPY,H1: Calculate
0	19:48:40.417	RelicusRoad Pro USDJPY,H1: Calculate
0	19:48:40.562	RelicusRoad Pro USDJPY,H1: Calculate
0	19:48:40.778	RelicusRoad Pro USDJPY,H1: Calculate
0	19:48:40.871	RelicusRoad Pro USDJPY,H1: Calculate
0	19:48:41.184	RelicusRoad Pro USDJPY,H1: Calculate
0	19:48:41.310	RelicusRoad Pro USDJPY,H1: Calculate
0	19:48:41.420	RelicusRoad Pro USDJPY,H1: Calculate
0	19:48:41.514	RelicusRoad Pro USDJPY,H1: Calculate
0	19:48:41.749	RelicusRoad Pro USDJPY,H1: Calculate
0	19:48:41.876	RelicusRoad Pro USDJPY,H1: Calculate
0	19:48:41.923	RelicusRoad Pro EURUSD,H1: Calculate
0	19:48:42.001	RelicusRoad Pro USDJPY,H1: Calculate
0	19:48:42.536	RelicusRoad Pro USDJPY,H1: Calculate
0	19:48:42.788	RelicusRoad Pro USDJPY,H1: Calculate
0	19:48:42.894	RelicusRoad Pro USDJPY,H1: Calculate
0	19:48:43.096	RelicusRoad Pro USDJPY,H1: Calculate
0	19:48:43.253	RelicusRoad Pro USDJPY,H1: Calculate
0	19:48:43.676	RelicusRoad Pro USDJPY,H1: Calculate
0	19:48:43.800	RelicusRoad Pro USDJPY,H1: Calculate
0	19:48:43.987	RelicusRoad Pro USDJPY,H1: Calculate
0	19:48:44.158	RelicusRoad Pro USDJPY,H1: Calculate
0	19:48:44.352	RelicusRoad Pro USDJPY,H1: Calculate
0	19:48:44.493	RelicusRoad Pro USDJPY,H1: Calculate
0	19:48:45.166	RelicusRoad Pro USDJPY,H1: Calculate
0	19:48:45.493	RelicusRoad Pro USDJPY,H1: Calculate
0	19:48:46.015	RelicusRoad Pro USDJPY,H1: Calculate
0	19:48:46.135	RelicusRoad Pro USDJPY,H1: Calculate
0	19:48:46.245	RelicusRoad Pro USDJPY,H1: Calculate
0	19:48:46.546	RelicusRoad Pro USDJPY,H1: Calculate
0	19:48:46.990	RelicusRoad Pro USDJPY,H1: Calculate
0	19:48:47.223	RelicusRoad Pro USDJPY,H1: Calculate
0	19:48:47.521	RelicusRoad Pro USDJPY,H1: Calculate
0	19:48:47.914	RelicusRoad Pro USDJPY,H1: Calculate
0	19:48:48.276	RelicusRoad Pro USDJPY,H1: Calculate
0	19:48:48.559	RelicusRoad Pro USDJPY,H1: Calculate
0	19:48:48.699	RelicusRoad Pro USDJPY,H1: Calculate
0	19:48:49.290	RelicusRoad Pro USDJPY,H1: Calculate
0	19:48:49.789	RelicusRoad Pro USDJPY,H1: Calculate
0	19:48:49.884	RelicusRoad Pro USDJPY,H1: Calculate
0	19:48:49.993	RelicusRoad Pro USDJPY,H1: Calculate
0	19:48:50.228	RelicusRoad Pro USDJPY,H1: Calculate
0	19:48:50.341	RelicusRoad Pro USDJPY,H1: Calculate
0	19:48:50.656	RelicusRoad Pro USDJPY,H1: Calculate
0	19:48:50.734	RelicusRoad Pro USDJPY,H1: Calculate
0	19:48:51.162	RelicusRoad Pro USDJPY,H1: Calculate
0	19:48:51.586	RelicusRoad Pro USDJPY,H1: Calculate
0	19:48:51.664	RelicusRoad Pro USDJPY,H1: Calculate
0	19:48:51.805	RelicusRoad Pro USDJPY,H1: Calculate
0	19:48:52.103	RelicusRoad Pro USDJPY,H1: Calculate
0	19:48:52.557	RelicusRoad Pro USDJPY,H1: Calculate
0	19:48:52.700	RelicusRoad Pro USDJPY,H1: Calculate
0	19:48:52.873	RelicusRoad Pro USDJPY,H1: Calculate
0	19:48:53.108	RelicusRoad Pro USDJPY,H1: Calculate
0	19:48:53.201	RelicusRoad Pro USDJPY,H1: Calculate
0	19:48:53.332	RelicusRoad Pro USDJPY,H1: Calculate
0	19:48:54.129	RelicusRoad Pro USDJPY,H1: Calculate
0	19:48:54.239	RelicusRoad Pro USDJPY,H1: Calculate
0	19:48:54.523	RelicusRoad Pro USDJPY,H1: Calculate
0	19:48:55.460	RelicusRoad Pro USDJPY,H1: Calculate
0	19:48:55.553	RelicusRoad Pro USDJPY,H1: Calculate
0	19:48:55.645	RelicusRoad Pro USDJPY,H1: Calculate
0	19:48:55.802	RelicusRoad Pro USDJPY,H1: Calculate
0	19:48:56.190	RelicusRoad Pro USDJPY,H1: Calculate
0	19:48:56.316	RelicusRoad Pro USDJPY,H1: Calculate
0	19:48:56.438	RelicusRoad Pro USDJPY,H1: Calculate
0	19:48:56.547	RelicusRoad Pro USDJPY,H1: Calculate
0	19:48:56.717	RelicusRoad Pro USDJPY,H1: Calculate
0	19:48:56.828	RelicusRoad Pro USDJPY,H1: Calculate
0	19:48:56.985	RelicusRoad Pro USDJPY,H1: Calculate
0	19:48:57.362	RelicusRoad Pro USDJPY,H1: Calculate
0	19:48:57.486	RelicusRoad Pro USDJPY,H1: Calculate
0	19:48:57.690	RelicusRoad Pro USDJPY,H1: Calculate
0	19:48:57.973	RelicusRoad Pro USDJPY,H1: Calculate
0	19:48:58.226	RelicusRoad Pro USDJPY,H1: Calculate
0	19:48:58.509	RelicusRoad Pro USDJPY,H1: Calculate
0	19:48:58.663	RelicusRoad Pro USDJPY,H1: Calculate
0	19:48:59.259	RelicusRoad Pro EURUSD,H1: Calculate
0	19:48:59.872	RelicusRoad Pro USDJPY,H1: Calculate
0	19:48:59.996	RelicusRoad Pro USDJPY,H1: Calculate
0	19:49:00.123	RelicusRoad Pro USDJPY,H1: Calculate
0	19:49:00.295	RelicusRoad Pro USDJPY,H1: Calculate
0	19:49:00.537	RelicusRoad Pro USDJPY,H1: Calculate
0	19:49:00.678	RelicusRoad Pro USDJPY,H1: Calculate
0	19:49:00.944	RelicusRoad Pro USDJPY,H1: Calculate
0	19:49:01.600	RelicusRoad Pro USDJPY,H1: Calculate
0	19:49:01.801	RelicusRoad Pro USDJPY,H1: Calculate
0	19:49:01.974	RelicusRoad Pro USDJPY,H1: Calculate
0	19:49:02.066	RelicusRoad Pro USDJPY,H1: Calculate
0	19:49:02.315	RelicusRoad Pro USDJPY,H1: Calculate
0	19:49:02.455	RelicusRoad Pro USDJPY,H1: Calculate
0	19:49:02.612	RelicusRoad Pro USDJPY,H1: Calculate
0	19:49:02.973	RelicusRoad Pro USDJPY,H1: Calculate
0	19:49:03.505	RelicusRoad Pro USDJPY,H1: Calculate
0	19:49:04.517	RelicusRoad Pro USDJPY,H1: Calculate
0	19:49:04.895	RelicusRoad Pro USDJPY,H1: Calculate
0	19:49:05.082	RelicusRoad Pro USDJPY,H1: Calculate
0	19:49:05.208	RelicusRoad Pro USDJPY,H1: Calculate
0	19:49:05.382	RelicusRoad Pro USDJPY,H1: Calculate
0	19:49:05.494	RelicusRoad Pro USDJPY,H1: Calculate
0	19:49:05.636	RelicusRoad Pro USDJPY,H1: Calculate
0	19:49:06.986	RelicusRoad Pro USDJPY,H1: Calculate
0	19:49:07.207	RelicusRoad Pro USDJPY,H1: Calculate
0	19:49:07.563	RelicusRoad Pro USDJPY,H1: Calculate
0	19:49:07.751	RelicusRoad Pro USDJPY,H1: Calculate
0	19:49:08.110	RelicusRoad Pro USDJPY,H1: Calculate
0	19:49:08.252	RelicusRoad Pro USDJPY,H1: Calculate
0	19:49:08.455	RelicusRoad Pro USDJPY,H1: Calculate
0	19:49:08.595	RelicusRoad Pro USDJPY,H1: Calculate
0	19:49:08.769	RelicusRoad Pro USDJPY,H1: Calculate
0	19:49:09.144	RelicusRoad Pro USDJPY,H1: Calculate
0	19:49:09.634	RelicusRoad Pro USDJPY,H1: Calculate
0	19:49:10.013	RelicusRoad Pro USDJPY,H1: Calculate
0	19:49:10.156	RelicusRoad Pro USDJPY,H1: Calculate
0	19:49:10.657	RelicusRoad Pro USDJPY,H1: Calculate
0	19:49:11.161	RelicusRoad Pro USDJPY,H1: Calculate
0	19:49:11.680	RelicusRoad Pro USDJPY,H1: Calculate
0	19:49:11.807	RelicusRoad Pro USDJPY,H1: Calculate
0	19:49:12.184	RelicusRoad Pro USDJPY,H1: Calculate
0	19:49:12.701	RelicusRoad Pro USDJPY,H1: Calculate
0	19:49:13.599	RelicusRoad Pro USDJPY,H1: Calculate
0	19:49:13.739	RelicusRoad Pro USDJPY,H1: Calculate
0	19:49:13.900	RelicusRoad Pro USDJPY,H1: Calculate
0	19:49:14.058	RelicusRoad Pro USDJPY,H1: Calculate
0	19:49:14.182	RelicusRoad Pro USDJPY,H1: Calculate
0	19:49:14.324	RelicusRoad Pro USDJPY,H1: Calculate
0	19:49:14.762	RelicusRoad Pro USDJPY,H1: Calculate
0	19:49:15.756	RelicusRoad Pro USDJPY,H1: Calculate
0	19:49:16.290	RelicusRoad Pro USDJPY,H1: Calculate
0	19:49:16.479	RelicusRoad Pro USDJPY,H1: Calculate
0	19:49:16.777	RelicusRoad Pro EURUSD,H1: Calculate
0	19:49:16.795	RelicusRoad Pro USDJPY,H1: Calculate
0	19:49:17.974	RelicusRoad Pro USDJPY,H1: Calculate
0	19:49:19.223	RelicusRoad Pro USDJPY,H1: Calculate
0	19:49:19.410	RelicusRoad Pro USDJPY,H1: Calculate
0	19:49:19.944	RelicusRoad Pro USDJPY,H1: Calculate
0	19:49:21.092	RelicusRoad Pro USDJPY,H1: Calculate
0	19:49:21.403	RelicusRoad Pro USDJPY,H1: Calculate
0	19:49:22.943	RelicusRoad Pro USDJPY,H1: Calculate
0	19:49:23.286	RelicusRoad Pro USDJPY,H1: Calculate
0	19:49:23.680	RelicusRoad Pro USDJPY,H1: Calculate
0	19:49:24.855	RelicusRoad Pro USDJPY,H1: Calculate
0	19:49:25.199	RelicusRoad Pro USDJPY,H1: Calculate
0	19:49:25.376	RelicusRoad Pro USDJPY,H1: Calculate
0	19:49:26.084	RelicusRoad Pro USDJPY,H1: Calculate
0	19:49:27.589	RelicusRoad Pro USDJPY,H1: Calculate
0	19:49:28.187	RelicusRoad Pro USDJPY,H1: Calculate
0	19:49:28.625	RelicusRoad Pro USDJPY,H1: Calculate
0	19:49:30.053	RelicusRoad Pro USDJPY,H1: Calculate
0	19:49:30.662	RelicusRoad Pro USDJPY,H1: Calculate
0	19:49:30.756	RelicusRoad Pro USDJPY,H1: Calculate
0	19:49:31.162	RelicusRoad Pro USDJPY,H1: Calculate
0	19:49:31.290	RelicusRoad Pro USDJPY,H1: Calculate
0	19:49:31.682	RelicusRoad Pro USDJPY,H1: Calculate
0	19:49:31.918	RelicusRoad Pro USDJPY,H1: Calculate
0	19:49:32.011	RelicusRoad Pro USDJPY,H1: Calculate
0	19:49:32.153	RelicusRoad Pro USDJPY,H1: Calculate
0	19:49:32.261	RelicusRoad Pro USDJPY,H1: Calculate
0	19:49:32.946	RelicusRoad Pro USDJPY,H1: Calculate
0	19:49:33.291	RelicusRoad Pro USDJPY,H1: Calculate
0	19:49:35.835	RelicusRoad Pro USDJPY,H1: Calculate
0	19:49:36.014	RelicusRoad Pro USDJPY,H1: Calculate
0	19:49:36.338	RelicusRoad Pro USDJPY,H1: Calculate
0	19:49:36.432	RelicusRoad Pro USDJPY,H1: Calculate
0	19:49:36.556	RelicusRoad Pro USDJPY,H1: Calculate
0	19:49:36.778	RelicusRoad Pro USDJPY,H1: Calculate
0	19:49:36.903	RelicusRoad Pro USDJPY,H1: Calculate
0	19:49:37.310	RelicusRoad Pro USDJPY,H1: Calculate
0	19:49:37.436	RelicusRoad Pro USDJPY,H1: Calculate
0	19:49:37.796	RelicusRoad Pro USDJPY,H1: Calculate
0	19:49:37.952	RelicusRoad Pro USDJPY,H1: Calculate
0	19:49:38.325	RelicusRoad Pro USDJPY,H1: Calculate
0	19:49:38.447	RelicusRoad Pro USDJPY,H1: Calculate
0	19:49:38.617	RelicusRoad Pro USDJPY,H1: Calculate
0	19:49:38.820	RelicusRoad Pro USDJPY,H1: Calculate
0	19:49:38.991	RelicusRoad Pro USDJPY,H1: Calculate
0	19:49:39.351	RelicusRoad Pro USDJPY,H1: Calculate
0	19:49:39.507	RelicusRoad Pro USDJPY,H1: Calculate
0	19:49:39.897	RelicusRoad Pro USDJPY,H1: Calculate
0	19:49:40.008	RelicusRoad Pro USDJPY,H1: Calculate
0	19:49:40.372	RelicusRoad Pro USDJPY,H1: Calculate
0	19:49:40.543	RelicusRoad Pro USDJPY,H1: Calculate
0	19:49:41.971	RelicusRoad Pro USDJPY,H1: Calculate
0	19:49:42.490	RelicusRoad Pro USDJPY,H1: Calculate
0	19:49:42.599	RelicusRoad Pro USDJPY,H1: Calculate
0	19:49:42.740	RelicusRoad Pro USDJPY,H1: Calculate
0	19:49:42.819	RelicusRoad Pro USDJPY,H1: Calculate
0	19:49:43.083	RelicusRoad Pro USDJPY,H1: Calculate
0	19:49:43.175	RelicusRoad Pro USDJPY,H1: Calculate
0	19:49:43.395	RelicusRoad Pro USDJPY,H1: Calculate
0	19:49:43.520	RelicusRoad Pro USDJPY,H1: Calculate
0	19:49:43.645	RelicusRoad Pro USDJPY,H1: Calculate
0	19:49:43.911	RelicusRoad Pro USDJPY,H1: Calculate
0	19:49:43.988	RelicusRoad Pro USDJPY,H1: Calculate
0	19:49:44.112	RelicusRoad Pro USDJPY,H1: Calculate
0	19:49:44.237	RelicusRoad Pro USDJPY,H1: Calculate
0	19:49:44.427	RelicusRoad Pro USDJPY,H1: Calculate
0	19:49:44.551	RelicusRoad Pro USDJPY,H1: Calculate
0	19:49:44.630	RelicusRoad Pro USDJPY,H1: Calculate
0	19:49:44.785	RelicusRoad Pro USDJPY,H1: Calculate
0	19:49:44.911	RelicusRoad Pro USDJPY,H1: Calculate
0	19:49:45.035	RelicusRoad Pro USDJPY,H1: Calculate
0	19:49:45.303	RelicusRoad Pro USDJPY,H1: Calculate
0	19:49:45.475	RelicusRoad Pro USDJPY,H1: Calculate
0	19:49:45.585	RelicusRoad Pro USDJPY,H1: Calculate
0	19:49:47.159	RelicusRoad Pro USDJPY,H1: Calculate
0	19:49:47.205	RelicusRoad Pro USDJPY,H1: Calculate
0	19:49:47.505	RelicusRoad Pro USDJPY,H1: Calculate
0	19:49:47.646	RelicusRoad Pro USDJPY,H1: Calculate
0	19:49:57.617	RelicusRoad Pro USDJPY,H1: Calculate
0	19:49:58.573	RelicusRoad Pro USDJPY,H1: Calculate
0	19:49:59.088	RelicusRoad Pro USDJPY,H1: Calculate
0	19:49:59.325	RelicusRoad Pro USDJPY,H1: Calculate
0	19:50:00.089	RelicusRoad Pro USDJPY,H1: Calculate
0	19:50:00.266	RelicusRoad Pro USDJPY,H1: Calculate
0	19:50:00.355	RelicusRoad Pro USDJPY,H1: Calculate
0	19:50:00.623	RelicusRoad Pro USDJPY,H1: Calculate
0	19:50:00.752	RelicusRoad Pro USDJPY,H1: Calculate
0	19:50:00.893	RelicusRoad Pro USDJPY,H1: Calculate
0	19:50:01.222	RelicusRoad Pro USDJPY,H1: Calculate
0	19:50:01.422	RelicusRoad Pro USDJPY,H1: Calculate
0	19:50:02.068	RelicusRoad Pro USDJPY,H1: Calculate
0	19:50:02.208	RelicusRoad Pro USDJPY,H1: Calculate
0	19:50:02.617	RelicusRoad Pro USDJPY,H1: Calculate
0	19:50:03.194	RelicusRoad Pro USDJPY,H1: Calculate
0	19:50:03.572	RelicusRoad Pro USDJPY,H1: Calculate
0	19:50:03.854	RelicusRoad Pro EURUSD,H1: Calculate
0	19:50:04.582	RelicusRoad Pro USDJPY,H1: Calculate
0	19:50:06.038	RelicusRoad Pro USDJPY,H1: Calculate
0	19:50:06.617	RelicusRoad Pro USDJPY,H1: Calculate
0	19:50:08.082	RelicusRoad Pro USDJPY,H1: Calculate
0	19:50:08.287	RelicusRoad Pro USDJPY,H1: Calculate
0	19:50:08.739	RelicusRoad Pro USDJPY,H1: Calculate
0	19:50:09.336	RelicusRoad Pro USDJPY,H1: Calculate
0	19:50:10.807	RelicusRoad Pro USDJPY,H1: Calculate
0	19:50:10.995	RelicusRoad Pro EURUSD,H1: Calculate
0	19:50:12.086	RelicusRoad Pro USDJPY,H1: Calculate
0	19:50:13.445	RelicusRoad Pro USDJPY,H1: Calculate
0	19:50:13.697	RelicusRoad Pro USDJPY,H1: Calculate
0	19:50:15.203	RelicusRoad Pro USDJPY,H1: Calculate
0	19:50:16.246	RelicusRoad Pro USDJPY,H1: Calculate
0	19:50:16.370	RelicusRoad Pro USDJPY,H1: Calculate
0	19:50:24.771	RelicusRoad Pro USDJPY,H1: Calculate
0	19:50:27.855	RelicusRoad Pro EURUSD,H1: Calculate
0	19:50:32.567	RelicusRoad Pro USDJPY,H1: Calculate
0	19:50:37.092	RelicusRoad Pro USDJPY,H1: Calculate
0	19:50:38.368	RelicusRoad Pro USDJPY,H1: Calculate
0	19:50:38.617	RelicusRoad Pro USDJPY,H1: Calculate
0	19:50:41.289	RelicusRoad Pro EURUSD,H1: Calculate
0	19:50:50.222	RelicusRoad Pro USDJPY,H1: Calculate
0	19:50:52.783	RelicusRoad Pro USDJPY,H1: Calculate
0	19:50:53.768	RelicusRoad Pro USDJPY,H1: Calculate
0	19:50:58.381	RelicusRoad Pro USDJPY,H1: Calculate
0	19:51:03.718	RelicusRoad Pro USDJPY,H1: Calculate
0	19:51:03.860	RelicusRoad Pro USDJPY,H1: Calculate
0	19:51:04.217	RelicusRoad Pro USDJPY,H1: Calculate
0	19:51:04.375	RelicusRoad Pro USDJPY,H1: Calculate
0	19:51:04.907	RelicusRoad Pro USDJPY,H1: Calculate
0	19:51:05.408	RelicusRoad Pro USDJPY,H1: Calculate
0	19:51:05.610	RelicusRoad Pro USDJPY,H1: Calculate
0	19:51:05.904	RelicusRoad Pro USDJPY,H1: Calculate
0	19:51:06.453	RelicusRoad Pro USDJPY,H1: Calculate
0	19:51:06.767	RelicusRoad Pro USDJPY,H1: Calculate
0	19:51:07.170	RelicusRoad Pro USDJPY,H1: Calculate
0	19:51:07.373	RelicusRoad Pro USDJPY,H1: Calculate
0	19:51:07.746	RelicusRoad Pro USDJPY,H1: Calculate
0	19:51:07.950	RelicusRoad Pro USDJPY,H1: Calculate
0	19:51:08.451	RelicusRoad Pro USDJPY,H1: Calculate
0	19:51:08.794	RelicusRoad Pro USDJPY,H1: Calculate
0	19:51:09.014	RelicusRoad Pro USDJPY,H1: Calculate
0	19:51:10.852	RelicusRoad Pro USDJPY,H1: Calculate
0	19:51:11.904	RelicusRoad Pro USDJPY,H1: Calculate
0	19:51:12.028	RelicusRoad Pro USDJPY,H1: Calculate
0	19:51:12.215	RelicusRoad Pro USDJPY,H1: Calculate
0	19:51:13.273	RelicusRoad Pro USDJPY,H1: Calculate
0	19:51:14.854	RelicusRoad Pro USDJPY,H1: Calculate
0	19:51:19.022	RelicusRoad Pro USDJPY,H1: Calculate
0	19:51:21.971	RelicusRoad Pro USDJPY,H1: Calculate
0	19:51:22.805	RelicusRoad Pro USDJPY,H1: Calculate
0	19:51:22.960	RelicusRoad Pro USDJPY,H1: Calculate
0	19:51:29.991	RelicusRoad Pro USDJPY,H1: Calculate
0	19:51:36.906	RelicusRoad Pro USDJPY,H1: Calculate
0	19:51:37.031	RelicusRoad Pro USDJPY,H1: Calculate
0	19:51:37.348	RelicusRoad Pro USDJPY,H1: Calculate
0	19:51:37.611	RelicusRoad Pro EURUSD,H1: Calculate
0	19:51:37.869	RelicusRoad Pro EURUSD,H1: Calculate
0	19:51:38.605	RelicusRoad Pro USDJPY,H1: Calculate
0	19:51:38.903	RelicusRoad Pro USDJPY,H1: Calculate
0	19:51:45.537	RelicusRoad Pro USDJPY,H1: Calculate
0	19:51:47.793	RelicusRoad Pro USDJPY,H1: Calculate
0	19:51:51.404	RelicusRoad Pro USDJPY,H1: Calculate
0	19:51:51.845	RelicusRoad Pro USDJPY,H1: Calculate
0	19:51:52.069	RelicusRoad Pro USDJPY,H1: Calculate
0	19:51:52.460	RelicusRoad Pro USDJPY,H1: Calculate
0	19:51:56.221	RelicusRoad Pro USDJPY,H1: Calculate
0	19:52:00.836	RelicusRoad Pro USDJPY,H1: Calculate
0	19:52:02.570	RelicusRoad Pro USDJPY,H1: Calculate
0	19:52:09.571	RelicusRoad Pro USDJPY,H1: Calculate
0	19:52:09.682	RelicusRoad Pro USDJPY,H1: Calculate
0	19:52:13.412	RelicusRoad Pro EURUSD,H1: Calculate
0	19:52:13.488	RelicusRoad Pro EURUSD,H1: Calculate
0	19:52:13.628	RelicusRoad Pro EURUSD,H1: Calculate
0	19:52:13.766	RelicusRoad Pro EURUSD,H1: Calculate
0	19:52:16.499	RelicusRoad Pro EURUSD,H1: Calculate
0	19:52:16.690	RelicusRoad Pro EURUSD,H1: Calculate
0	19:52:22.686	RelicusRoad Pro EURUSD,H1: Calculate
0	19:52:22.873	RelicusRoad Pro EURUSD,H1: Calculate
0	19:52:23.296	RelicusRoad Pro EURUSD,H1: Calculate
0	19:52:23.403	RelicusRoad Pro EURUSD,H1: Calculate
0	19:52:23.670	RelicusRoad Pro EURUSD,H1: Calculate
0	19:52:24.603	RelicusRoad Pro EURUSD,H1: Calculate
0	19:52:24.789	RelicusRoad Pro EURUSD,H1: Calculate
0	19:52:25.071	RelicusRoad Pro EURUSD,H1: Calculate
0	19:52:25.278	RelicusRoad Pro EURUSD,H1: Calculate
0	19:52:25.577	RelicusRoad Pro EURUSD,H1: Calculate
0	19:52:26.163	RelicusRoad Pro EURUSD,H1: Calculate
0	19:52:26.398	RelicusRoad Pro EURUSD,H1: Calculate
0	19:52:26.571	RelicusRoad Pro EURUSD,H1: Calculate
0	19:52:26.760	RelicusRoad Pro EURUSD,H1: Calculate
0	19:52:26.903	RelicusRoad Pro EURUSD,H1: Calculate
0	19:52:27.607	RelicusRoad Pro USDJPY,H1: Calculate
0	19:52:28.356	RelicusRoad Pro EURUSD,H1: Calculate
0	19:52:28.482	RelicusRoad Pro EURUSD,H1: Calculate
0	19:52:29.001	RelicusRoad Pro EURUSD,H1: Calculate
0	19:52:29.392	RelicusRoad Pro USDJPY,H1: Calculate
0	19:52:29.595	RelicusRoad Pro EURUSD,H1: Calculate
0	19:52:30.581	RelicusRoad Pro EURUSD,H1: Calculate
0	19:52:31.193	RelicusRoad Pro EURUSD,H1: Calculate
0	19:52:31.395	RelicusRoad Pro EURUSD,H1: Calculate
0	19:52:31.696	RelicusRoad Pro EURUSD,H1: Calculate
0	19:52:32.724	RelicusRoad Pro USDJPY,H1: Calculate
0	19:52:32.881	RelicusRoad Pro USDJPY,H1: Calculate
0	19:52:32.980	RelicusRoad Pro EURUSD,H1: Calculate
0	19:52:34.924	RelicusRoad Pro EURUSD,H1: Calculate
0	19:52:36.007	RelicusRoad Pro USDJPY,H1: Calculate
0	19:52:36.128	RelicusRoad Pro USDJPY,H1: Calculate
0	19:52:36.192	RelicusRoad Pro EURUSD,H1: Calculate
0	19:52:36.412	RelicusRoad Pro EURUSD,H1: Calculate
0	19:52:36.987	RelicusRoad Pro USDJPY,H1: Calculate
0	19:52:37.300	RelicusRoad Pro EURUSD,H1: Calculate
0	19:52:37.409	RelicusRoad Pro EURUSD,H1: Calculate
0	19:52:38.113	RelicusRoad Pro USDJPY,H1: Calculate
0	19:52:38.194	RelicusRoad Pro EURUSD,H1: Calculate
0	19:52:38.524	RelicusRoad Pro EURUSD,H1: Calculate
0	19:52:38.821	RelicusRoad Pro USDJPY,H1: Calculate
0	19:52:38.965	RelicusRoad Pro EURUSD,H1: Calculate
0	19:52:38.966	RelicusRoad Pro USDJPY,H1: Calculate
0	19:52:39.169	RelicusRoad Pro EURUSD,H1: Calculate
0	19:52:39.407	RelicusRoad Pro EURUSD,H1: Calculate
0	19:52:39.534	RelicusRoad Pro EURUSD,H1: Calculate
0	19:52:39.804	RelicusRoad Pro EURUSD,H1: Calculate
0	19:52:40.220	RelicusRoad Pro EURUSD,H1: Calculate
0	19:52:40.391	RelicusRoad Pro EURUSD,H1: Calculate
0	19:52:40.487	Expert gbpjpy buy m15 pfol 1 EURUSD,H1: removed
0	19:52:40.610	RelicusRoad Pro EURUSD,H1: Calculate
0	19:52:40.920	RelicusRoad Pro EURUSD,H1: Calculate
0	19:52:41.096	RelicusRoad Pro EURUSD,H1: Calculate
0	19:52:41.398	RelicusRoad Pro EURUSD,H1: Calculate
0	19:52:43.182	RelicusRoad Pro USDJPY,H1: Calculate
0	19:52:43.811	RelicusRoad Pro EURUSD,H1: Calculate
0	19:52:43.966	RelicusRoad Pro EURUSD,H1: Calculate
0	19:52:44.822	RelicusRoad Pro EURUSD,H1: Calculate
0	19:52:44.916	RelicusRoad Pro EURUSD,H1: Calculate
0	19:52:45.103	RelicusRoad Pro USDJPY,H1: Calculate
0	19:52:45.230	RelicusRoad Pro EURUSD,H1: Calculate
0	19:52:45.388	RelicusRoad Pro EURUSD,H1: Calculate
0	19:52:45.498	RelicusRoad Pro USDJPY,H1: Calculate
0	19:52:45.782	RelicusRoad Pro EURUSD,H1: Calculate
0	19:52:45.908	RelicusRoad Pro EURUSD,H1: Calculate
0	19:52:46.717	RelicusRoad Pro USDJPY,H1: Calculate
0	19:52:47.051	RelicusRoad Pro EURUSD,H1: Calculate
0	19:52:47.259	RelicusRoad Pro USDJPY,H1: Calculate
0	19:52:47.493	RelicusRoad Pro EURUSD,H1: Calculate
0	19:52:47.713	RelicusRoad Pro EURUSD,H1: Calculate
0	19:52:48.044	RelicusRoad Pro EURUSD,H1: Calculate
0	19:52:48.423	RelicusRoad Pro EURUSD,H1: Calculate
0	19:52:48.610	RelicusRoad Pro EURUSD,H1: Calculate
0	19:52:49.345	RelicusRoad Pro EURUSD,H1: Calculate
0	19:52:49.899	RelicusRoad Pro EURUSD,H1: Calculate
0	19:52:50.011	RelicusRoad Pro EURUSD,H1: Calculate
0	19:52:50.331	RelicusRoad Pro EURUSD,H1: Calculate
0	19:52:51.103	RelicusRoad Pro EURUSD,H1: Calculate
0	19:52:52.323	RelicusRoad Pro EURUSD,H1: Calculate
0	19:52:52.698	RelicusRoad Pro EURUSD,H1: Calculate
0	19:52:54.855	RelicusRoad Pro EURUSD,H1: Calculate
0	19:52:55.142	RelicusRoad Pro EURUSD,H1: Calculate
0	19:52:55.441	RelicusRoad Pro EURUSD,H1: Calculate
0	19:52:55.696	RelicusRoad Pro EURUSD,H1: Calculate
0	19:52:55.919	RelicusRoad Pro EURUSD,H1: Calculate
0	19:52:59.337	RelicusRoad Pro USDJPY,H1: Calculate
0	19:52:59.543	RelicusRoad Pro EURUSD,H1: Calculate
0	19:52:59.824	RelicusRoad Pro EURUSD,H1: Calculate
0	19:53:00.137	RelicusRoad Pro EURUSD,H1: Calculate
0	19:53:03.366	RelicusRoad Pro EURUSD,H1: Calculate
0	19:53:04.942	RelicusRoad Pro EURUSD,H1: Calculate
0	19:53:05.211	RelicusRoad Pro EURUSD,H1: Calculate
0	19:53:10.303	RelicusRoad Pro USDJPY,H1: Calculate
0	19:53:13.301	RelicusRoad Pro USDJPY,H1: Calculate
0	19:53:33.688	RelicusRoad Pro EURUSD,H1: Calculate
0	19:53:36.040	RelicusRoad Pro USDJPY,H1: Calculate
0	19:53:40.381	RelicusRoad Pro USDJPY,H1: Calculate
0	19:53:41.393	RelicusRoad Pro EURUSD,H1: Calculate
0	19:53:41.490	RelicusRoad Pro EURUSD,H1: Calculate
0	19:53:42.088	RelicusRoad Pro EURUSD,H1: Calculate
0	19:53:42.182	RelicusRoad Pro EURUSD,H1: Calculate
0	19:53:45.319	RelicusRoad Pro EURUSD,H1: Calculate
0	19:53:45.397	RelicusRoad Pro EURUSD,H1: Calculate
0	19:53:50.557	RelicusRoad Pro EURUSD,H1: Calculate
0	19:53:53.152	RelicusRoad Pro USDJPY,H1: Calculate
0	19:53:53.960	RelicusRoad Pro USDJPY,H1: Calculate
0	19:53:58.543	RelicusRoad Pro EURUSD,H1: Calculate
0	19:53:58.827	RelicusRoad Pro EURUSD,H1: Calculate
0	19:53:59.223	RelicusRoad Pro EURUSD,H1: Calculate
0	19:53:59.752	RelicusRoad Pro USDJPY,H1: Calculate
0	19:53:59.929	RelicusRoad Pro EURUSD,H1: Calculate
0	19:54:00.288	RelicusRoad Pro EURUSD,H1: Calculate
0	19:54:00.396	RelicusRoad Pro EURUSD,H1: Calculate
0	19:54:00.790	RelicusRoad Pro EURUSD,H1: Calculate
0	19:54:00.900	RelicusRoad Pro EURUSD,H1: Calculate
0	19:54:01.534	RelicusRoad Pro EURUSD,H1: Calculate
0	19:54:01.914	RelicusRoad Pro EURUSD,H1: Calculate
0	19:54:04.064	RelicusRoad Pro EURUSD,H1: Calculate
0	19:54:04.395	RelicusRoad Pro EURUSD,H1: Calculate
0	19:54:04.713	RelicusRoad Pro EURUSD,H1: Calculate
0	19:54:05.298	RelicusRoad Pro USDJPY,H1: Calculate
0	19:54:07.717	RelicusRoad Pro EURUSD,H1: Calculate
0	19:54:08.227	RelicusRoad Pro EURUSD,H1: Calculate
0	19:54:08.657	RelicusRoad Pro USDJPY,H1: Calculate
0	19:54:11.040	RelicusRoad Pro EURUSD,H1: Calculate
0	19:54:11.434	RelicusRoad Pro EURUSD,H1: Calculate
0	19:54:15.527	RelicusRoad Pro USDJPY,H1: Calculate
0	19:54:22.458	RelicusRoad Pro USDJPY,H1: Calculate
0	19:54:22.948	RelicusRoad Pro EURUSD,H1: Calculate
0	19:54:26.243	RelicusRoad Pro EURUSD,H1: Calculate
0	19:54:26.708	RelicusRoad Pro EURUSD,H1: Calculate
0	19:54:34.702	RelicusRoad Pro USDJPY,H1: Calculate
0	19:54:36.837	RelicusRoad Pro EURUSD,H1: Calculate
0	19:54:36.932	RelicusRoad Pro EURUSD,H1: Calculate
0	19:54:37.265	RelicusRoad Pro EURUSD,H1: Calculate
0	19:54:37.644	RelicusRoad Pro EURUSD,H1: Calculate
0	19:54:37.769	RelicusRoad Pro EURUSD,H1: Calculate
0	19:54:37.962	RelicusRoad Pro EURUSD,H1: Calculate
0	19:54:38.249	RelicusRoad Pro EURUSD,H1: Calculate
0	19:54:38.472	RelicusRoad Pro EURUSD,H1: Calculate
0	19:54:38.772	RelicusRoad Pro EURUSD,H1: Calculate
0	19:54:40.058	RelicusRoad Pro EURUSD,H1: Calculate
0	19:54:40.356	RelicusRoad Pro EURUSD,H1: Calculate
0	19:54:40.757	RelicusRoad Pro EURUSD,H1: Calculate
0	19:54:40.852	RelicusRoad Pro EURUSD,H1: Calculate
0	19:54:41.381	RelicusRoad Pro EURUSD,H1: Calculate
0	19:54:41.459	RelicusRoad Pro EURUSD,H1: Calculate
0	19:54:41.774	RelicusRoad Pro EURUSD,H1: Calculate
0	19:54:41.947	RelicusRoad Pro EURUSD,H1: Calculate
0	19:54:42.153	RelicusRoad Pro EURUSD,H1: Calculate
0	19:54:42.326	RelicusRoad Pro EURUSD,H1: Calculate
0	19:54:42.488	RelicusRoad Pro EURUSD,H1: Calculate
0	19:54:42.752	RelicusRoad Pro EURUSD,H1: Calculate
0	19:54:42.975	RelicusRoad Pro EURUSD,H1: Calculate
0	19:54:43.370	RelicusRoad Pro EURUSD,H1: Calculate
0	19:54:43.754	RelicusRoad Pro EURUSD,H1: Calculate
0	19:54:47.880	RelicusRoad Pro EURUSD,H1: Calculate
0	19:54:48.293	RelicusRoad Pro EURUSD,H1: Calculate
0	19:54:55.693	RelicusRoad Pro EURUSD,H1: Calculate
0	19:54:56.485	RelicusRoad Pro EURUSD,H1: Calculate
0	19:54:56.863	RelicusRoad Pro EURUSD,H1: Calculate
0	19:54:57.194	RelicusRoad Pro EURUSD,H1: Calculate
0	19:54:59.499	RelicusRoad Pro EURUSD,H1: Calculate
0	19:55:00.300	RelicusRoad Pro EURUSD,H1: Calculate
0	19:55:00.403	RelicusRoad Pro EURUSD,H1: Calculate
0	19:55:00.604	RelicusRoad Pro EURUSD,H1: Calculate
0	19:55:00.888	RelicusRoad Pro EURUSD,H1: Calculate
0	19:55:01.770	RelicusRoad Pro EURUSD,H1: Calculate
0	19:55:03.021	RelicusRoad Pro EURUSD,H1: Calculate
0	19:55:03.659	RelicusRoad Pro USDJPY,H1: Calculate
0	19:55:17.401	RelicusRoad Pro EURUSD,H1: Calculate
0	19:55:17.908	RelicusRoad Pro EURUSD,H1: Calculate
0	19:55:19.293	RelicusRoad Pro EURUSD,H1: Calculate
0	19:55:23.602	RelicusRoad Pro EURUSD,H1: Calculate
0	19:55:26.029	RelicusRoad Pro EURUSD,H1: Calculate
0	19:55:26.709	RelicusRoad Pro EURUSD,H1: Calculate
0	19:55:27.146	RelicusRoad Pro EURUSD,H1: Calculate
0	19:55:27.208	RelicusRoad Pro EURUSD,H1: Calculate
0	19:55:28.084	RelicusRoad Pro EURUSD,H1: Calculate
0	19:55:28.331	RelicusRoad Pro EURUSD,H1: Calculate
0	19:55:28.597	RelicusRoad Pro EURUSD,H1: Calculate
0	19:55:28.706	RelicusRoad Pro EURUSD,H1: Calculate
0	19:55:29.642	RelicusRoad Pro EURUSD,H1: Calculate
0	19:55:29.674	RelicusRoad Pro USDJPY,H1: Calculate
0	19:55:29.873	RelicusRoad Pro USDJPY,H1: Calculate
0	19:55:30.140	RelicusRoad Pro EURUSD,H1: Calculate
0	19:55:30.185	RelicusRoad Pro USDJPY,H1: Calculate
0	19:55:30.343	RelicusRoad Pro EURUSD,H1: Calculate
0	19:55:30.844	RelicusRoad Pro USDJPY,H1: Calculate
0	19:55:31.499	RelicusRoad Pro EURUSD,H1: Calculate
0	19:55:31.903	RelicusRoad Pro USDJPY,H1: Calculate
0	19:55:32.014	RelicusRoad Pro USDJPY,H1: Calculate
0	19:55:32.340	RelicusRoad Pro USDJPY,H1: Calculate
0	19:55:32.541	RelicusRoad Pro USDJPY,H1: Calculate
0	19:55:32.839	RelicusRoad Pro EURUSD,H1: Calculate
0	19:55:32.933	RelicusRoad Pro EURUSD,H1: Calculate
0	19:55:32.949	RelicusRoad Pro USDJPY,H1: Calculate
0	19:55:33.373	RelicusRoad Pro EURUSD,H1: Calculate
0	19:55:33.389	RelicusRoad Pro USDJPY,H1: Calculate
0	19:55:33.532	RelicusRoad Pro EURUSD,H1: Calculate
0	19:55:34.451	RelicusRoad Pro EURUSD,H1: Calculate
0	19:55:34.662	RelicusRoad Pro USDJPY,H1: Calculate
0	19:55:34.815	RelicusRoad Pro USDJPY,H1: Calculate
0	19:55:35.185	RelicusRoad Pro USDJPY,H1: Calculate
0	19:55:35.670	RelicusRoad Pro EURUSD,H1: Calculate
0	19:55:36.042	RelicusRoad Pro EURUSD,H1: Calculate
0	19:55:36.185	RelicusRoad Pro EURUSD,H1: Calculate
0	19:55:36.546	RelicusRoad Pro EURUSD,H1: Calculate
0	19:55:36.731	RelicusRoad Pro EURUSD,H1: Calculate
0	19:55:39.559	RelicusRoad Pro USDJPY,H1: Calculate
0	19:55:39.746	RelicusRoad Pro EURUSD,H1: Calculate
0	19:55:39.919	RelicusRoad Pro USDJPY,H1: Calculate
0	19:55:40.918	RelicusRoad Pro EURUSD,H1: Calculate
0	19:55:42.613	RelicusRoad Pro USDJPY,H1: Calculate
0	19:55:43.912	RelicusRoad Pro EURUSD,H1: Calculate
0	19:55:44.067	RelicusRoad Pro EURUSD,H1: Calculate
0	19:55:44.362	RelicusRoad Pro EURUSD,H1: Calculate
0	19:55:44.611	RelicusRoad Pro EURUSD,H1: Calculate
0	19:55:44.938	RelicusRoad Pro EURUSD,H1: Calculate
0	19:55:45.112	RelicusRoad Pro EURUSD,H1: Calculate
0	19:55:45.345	RelicusRoad Pro EURUSD,H1: Calculate
0	19:55:45.641	RelicusRoad Pro EURUSD,H1: Calculate
0	19:55:46.019	RelicusRoad Pro EURUSD,H1: Calculate
0	19:55:46.202	RelicusRoad Pro EURUSD,H1: Calculate
0	19:55:46.511	RelicusRoad Pro EURUSD,H1: Calculate
0	19:55:46.714	RelicusRoad Pro EURUSD,H1: Calculate
0	19:55:47.088	RelicusRoad Pro EURUSD,H1: Calculate
0	19:55:47.197	RelicusRoad Pro EURUSD,H1: Calculate
0	19:55:47.608	RelicusRoad Pro EURUSD,H1: Calculate
0	19:55:47.778	RelicusRoad Pro EURUSD,H1: Calculate
0	19:55:48.030	RelicusRoad Pro EURUSD,H1: Calculate
0	19:55:48.105	RelicusRoad Pro EURUSD,H1: Calculate
0	19:55:48.433	RelicusRoad Pro USDJPY,H1: Calculate
0	19:55:48.760	RelicusRoad Pro EURUSD,H1: Calculate
0	19:55:49.169	RelicusRoad Pro EURUSD,H1: Calculate
0	19:55:50.385	RelicusRoad Pro EURUSD,H1: Calculate
0	19:55:50.511	RelicusRoad Pro USDJPY,H1: Calculate
0	19:55:50.573	RelicusRoad Pro USDJPY,H1: Calculate
0	19:55:50.872	RelicusRoad Pro EURUSD,H1: Calculate
0	19:55:51.247	RelicusRoad Pro EURUSD,H1: Calculate
0	19:55:51.353	RelicusRoad Pro EURUSD,H1: Calculate
0	19:55:51.399	RelicusRoad Pro USDJPY,H1: Calculate
0	19:55:51.760	RelicusRoad Pro EURUSD,H1: Calculate
0	19:55:51.762	RelicusRoad Pro USDJPY,H1: Calculate
0	19:55:51.886	RelicusRoad Pro EURUSD,H1: Calculate
0	19:55:52.293	RelicusRoad Pro EURUSD,H1: Calculate
0	19:55:52.781	RelicusRoad Pro EURUSD,H1: Calculate
0	19:55:52.795	RelicusRoad Pro USDJPY,H1: Calculate
0	19:55:53.877	RelicusRoad Pro EURUSD,H1: Calculate
0	19:55:54.015	RelicusRoad Pro EURUSD,H1: Calculate
0	19:55:54.936	RelicusRoad Pro EURUSD,H1: Calculate
0	19:55:56.422	RelicusRoad Pro USDJPY,H1: Calculate
0	19:55:56.626	RelicusRoad Pro USDJPY,H1: Calculate
0	19:55:56.733	RelicusRoad Pro USDJPY,H1: Calculate
0	19:55:56.857	RelicusRoad Pro USDJPY,H1: Calculate
0	19:55:57.638	RelicusRoad Pro USDJPY,H1: Calculate
0	19:55:57.717	RelicusRoad Pro EURUSD,H1: Calculate
0	19:55:58.062	RelicusRoad Pro USDJPY,H1: Calculate
0	19:55:58.650	RelicusRoad Pro USDJPY,H1: Calculate
0	19:55:58.758	RelicusRoad Pro USDJPY,H1: Calculate
0	19:55:59.240	RelicusRoad Pro USDJPY,H1: Calculate
0	19:55:59.582	RelicusRoad Pro EURUSD,H1: Calculate
0	19:56:00.714	RelicusRoad Pro USDJPY,H1: Calculate
0	19:56:00.826	RelicusRoad Pro EURUSD,H1: Calculate
0	19:56:00.904	RelicusRoad Pro EURUSD,H1: Calculate
0	19:56:00.934	RelicusRoad Pro USDJPY,H1: Calculate
0	19:56:01.029	RelicusRoad Pro EURUSD,H1: Calculate
0	19:56:01.059	RelicusRoad Pro USDJPY,H1: Calculate
0	19:56:01.325	RelicusRoad Pro USDJPY,H1: Calculate
0	19:56:01.512	RelicusRoad Pro EURUSD,H1: Calculate
0	19:56:01.938	RelicusRoad Pro USDJPY,H1: Calculate
0	19:56:02.046	RelicusRoad Pro USDJPY,H1: Calculate
0	19:56:02.280	RelicusRoad Pro USDJPY,H1: Calculate
0	19:56:02.387	RelicusRoad Pro USDJPY,H1: Calculate
0	19:56:02.654	RelicusRoad Pro USDJPY,H1: Calculate
0	19:56:02.765	RelicusRoad Pro USDJPY,H1: Calculate
0	19:56:02.890	RelicusRoad Pro USDJPY,H1: Calculate
0	19:56:02.999	RelicusRoad Pro USDJPY,H1: Calculate
0	19:56:03.077	RelicusRoad Pro USDJPY,H1: Calculate
0	19:56:03.216	RelicusRoad Pro USDJPY,H1: Calculate
0	19:56:03.405	RelicusRoad Pro EURUSD,H1: Calculate
0	19:56:03.672	RelicusRoad Pro USDJPY,H1: Calculate
0	19:56:03.843	RelicusRoad Pro USDJPY,H1: Calculate
0	19:56:03.969	RelicusRoad Pro USDJPY,H1: Calculate
0	19:56:04.266	RelicusRoad Pro USDJPY,H1: Calculate
0	19:56:04.374	RelicusRoad Pro USDJPY,H1: Calculate
0	19:56:04.436	RelicusRoad Pro EURUSD,H1: Calculate
0	19:56:04.607	RelicusRoad Pro USDJPY,H1: Calculate
0	19:56:05.063	RelicusRoad Pro USDJPY,H1: Calculate
0	19:56:05.124	RelicusRoad Pro USDJPY,H1: Calculate
0	19:56:05.325	RelicusRoad Pro USDJPY,H1: Calculate
0	19:56:05.824	RelicusRoad Pro USDJPY,H1: Calculate
0	19:56:05.965	RelicusRoad Pro USDJPY,H1: Calculate
0	19:56:06.245	RelicusRoad Pro USDJPY,H1: Calculate
0	19:56:06.338	RelicusRoad Pro USDJPY,H1: Calculate
0	19:56:06.462	RelicusRoad Pro USDJPY,H1: Calculate
0	19:56:06.619	RelicusRoad Pro USDJPY,H1: Calculate
0	19:56:06.744	RelicusRoad Pro USDJPY,H1: Calculate
0	19:56:07.119	RelicusRoad Pro USDJPY,H1: Calculate
0	19:56:07.548	RelicusRoad Pro USDJPY,H1: Calculate
0	19:56:07.702	RelicusRoad Pro USDJPY,H1: Calculate
0	19:56:07.844	RelicusRoad Pro USDJPY,H1: Calculate
0	19:56:07.972	RelicusRoad Pro USDJPY,H1: Calculate
0	19:56:08.082	RelicusRoad Pro USDJPY,H1: Calculate
0	19:56:08.301	RelicusRoad Pro USDJPY,H1: Calculate
0	19:56:08.394	RelicusRoad Pro USDJPY,H1: Calculate
0	19:56:08.521	RelicusRoad Pro USDJPY,H1: Calculate
0	19:56:08.631	RelicusRoad Pro USDJPY,H1: Calculate
0	19:56:08.959	RelicusRoad Pro USDJPY,H1: Calculate
0	19:56:09.116	RelicusRoad Pro USDJPY,H1: Calculate
0	19:56:09.352	RelicusRoad Pro USDJPY,H1: Calculate
0	19:56:09.556	RelicusRoad Pro USDJPY,H1: Calculate
0	19:56:10.173	RelicusRoad Pro USDJPY,H1: Calculate
0	19:56:10.267	RelicusRoad Pro USDJPY,H1: Calculate
0	19:56:10.378	RelicusRoad Pro USDJPY,H1: Calculate
0	19:56:10.694	RelicusRoad Pro USDJPY,H1: Calculate
0	19:56:10.820	RelicusRoad Pro USDJPY,H1: Calculate
0	19:56:10.932	RelicusRoad Pro USDJPY,H1: Calculate
0	19:56:11.073	RelicusRoad Pro USDJPY,H1: Calculate
0	19:56:11.105	RelicusRoad Pro EURUSD,H1: Calculate
0	19:56:11.200	RelicusRoad Pro USDJPY,H1: Calculate
0	19:56:11.360	RelicusRoad Pro USDJPY,H1: Calculate
0	19:56:11.470	RelicusRoad Pro USDJPY,H1: Calculate
0	19:56:11.674	RelicusRoad Pro USDJPY,H1: Calculate
0	19:56:11.881	RelicusRoad Pro USDJPY,H1: Calculate
0	19:56:12.150	RelicusRoad Pro USDJPY,H1: Calculate
0	19:56:12.262	RelicusRoad Pro USDJPY,H1: Calculate
0	19:56:12.436	RelicusRoad Pro USDJPY,H1: Calculate
0	19:56:12.622	RelicusRoad Pro USDJPY,H1: Calculate
0	19:56:12.719	RelicusRoad Pro EURUSD,H1: Calculate
0	19:56:12.934	RelicusRoad Pro USDJPY,H1: Calculate
0	19:56:12.951	RelicusRoad Pro EURUSD,H1: Calculate
0	19:56:13.048	RelicusRoad Pro USDJPY,H1: Calculate
0	19:56:13.379	RelicusRoad Pro USDJPY,H1: Calculate
0	19:56:13.455	RelicusRoad Pro USDJPY,H1: Calculate
0	19:56:13.660	RelicusRoad Pro USDJPY,H1: Calculate
0	19:56:13.693	RelicusRoad Pro EURUSD,H1: Calculate
0	19:56:13.836	RelicusRoad Pro USDJPY,H1: Calculate
0	19:56:14.102	RelicusRoad Pro USDJPY,H1: Calculate
0	19:56:14.150	RelicusRoad Pro EURUSD,H1: Calculate
0	19:56:14.181	RelicusRoad Pro USDJPY,H1: Calculate
0	19:56:14.319	RelicusRoad Pro USDJPY,H1: Calculate
0	19:56:14.509	RelicusRoad Pro USDJPY,H1: Calculate
0	19:56:14.731	RelicusRoad Pro USDJPY,H1: Calculate
0	19:56:14.919	RelicusRoad Pro USDJPY,H1: Calculate
0	19:56:15.500	RelicusRoad Pro USDJPY,H1: Calculate
0	19:56:16.875	RelicusRoad Pro EURUSD,H1: Calculate
0	19:56:17.254	RelicusRoad Pro EURUSD,H1: Calculate
0	19:56:17.971	RelicusRoad Pro EURUSD,H1: Calculate
0	19:56:18.096	RelicusRoad Pro EURUSD,H1: Calculate
0	19:56:18.361	RelicusRoad Pro USDJPY,H1: Calculate
0	19:56:21.760	RelicusRoad Pro USDJPY,H1: Calculate
0	19:56:27.235	RelicusRoad Pro USDJPY,H1: Calculate
0	19:56:27.597	RelicusRoad Pro USDJPY,H1: Calculate
0	19:56:27.881	RelicusRoad Pro USDJPY,H1: Calculate
0	19:56:28.740	RelicusRoad Pro USDJPY,H1: Calculate
0	19:56:28.901	RelicusRoad Pro EURUSD,H1: Calculate
0	19:56:32.898	RelicusRoad Pro EURUSD,H1: Calculate
0	19:56:33.071	RelicusRoad Pro EURUSD,H1: Calculate
0	19:56:33.072	RelicusRoad Pro USDJPY,H1: Calculate
0	19:56:33.162	RelicusRoad Pro EURUSD,H1: Calculate
0	19:56:33.270	RelicusRoad Pro USDJPY,H1: Calculate
0	19:56:38.214	RelicusRoad Pro USDJPY,H1: Calculate
0	19:56:38.400	RelicusRoad Pro USDJPY,H1: Calculate
0	19:56:38.712	RelicusRoad Pro USDJPY,H1: Calculate
0	19:56:38.959	RelicusRoad Pro USDJPY,H1: Calculate
0	19:56:39.163	RelicusRoad Pro USDJPY,H1: Calculate
0	19:56:41.313	RelicusRoad Pro USDJPY,H1: Calculate
0	19:56:42.795	RelicusRoad Pro USDJPY,H1: Calculate
0	19:56:42.859	RelicusRoad Pro EURUSD,H1: Calculate
0	19:56:43.328	RelicusRoad Pro USDJPY,H1: Calculate
0	19:56:44.475	RelicusRoad Pro USDJPY,H1: Calculate
0	19:56:45.238	RelicusRoad Pro USDJPY,H1: Calculate
0	19:56:46.288	RelicusRoad Pro USDJPY,H1: Calculate
0	19:56:46.352	RelicusRoad Pro EURUSD,H1: Calculate
0	19:56:46.397	RelicusRoad Pro USDJPY,H1: Calculate
0	19:56:47.318	RelicusRoad Pro USDJPY,H1: Calculate
0	19:56:47.521	RelicusRoad Pro USDJPY,H1: Calculate
0	19:56:50.083	RelicusRoad Pro EURUSD,H1: Calculate
0	19:56:52.412	RelicusRoad Pro USDJPY,H1: Calculate
0	19:56:52.522	RelicusRoad Pro USDJPY,H1: Calculate
0	19:56:53.211	RelicusRoad Pro USDJPY,H1: Calculate
0	19:56:53.431	RelicusRoad Pro USDJPY,H1: Calculate
0	19:56:54.028	RelicusRoad Pro USDJPY,H1: Calculate
0	19:56:54.156	RelicusRoad Pro USDJPY,H1: Calculate
0	19:56:54.748	RelicusRoad Pro USDJPY,H1: Calculate
0	19:56:54.874	RelicusRoad Pro USDJPY,H1: Calculate
0	19:56:56.013	RelicusRoad Pro USDJPY,H1: Calculate
0	19:56:56.134	RelicusRoad Pro USDJPY,H1: Calculate
0	19:56:56.260	RelicusRoad Pro USDJPY,H1: Calculate
0	19:56:57.042	RelicusRoad Pro USDJPY,H1: Calculate
0	19:56:57.168	RelicusRoad Pro USDJPY,H1: Calculate
0	19:56:57.703	RelicusRoad Pro USDJPY,H1: Calculate
0	19:56:59.006	RelicusRoad Pro USDJPY,H1: Calculate
0	19:56:59.099	RelicusRoad Pro USDJPY,H1: Calculate
0	19:57:00.458	RelicusRoad Pro EURUSD,H1: Calculate
0	19:57:06.969	RelicusRoad Pro USDJPY,H1: Calculate
0	19:57:07.063	RelicusRoad Pro USDJPY,H1: Calculate
0	19:57:07.458	RelicusRoad Pro USDJPY,H1: Calculate
0	19:57:07.600	RelicusRoad Pro USDJPY,H1: Calculate
0	19:57:08.215	RelicusRoad Pro USDJPY,H1: Calculate
0	19:57:08.279	RelicusRoad Pro EURUSD,H1: Calculate
0	19:57:08.341	RelicusRoad Pro USDJPY,H1: Calculate
0	19:57:08.467	RelicusRoad Pro USDJPY,H1: Calculate
0	19:57:09.779	RelicusRoad Pro USDJPY,H1: Calculate
0	19:57:09.934	RelicusRoad Pro USDJPY,H1: Calculate
0	19:57:10.093	RelicusRoad Pro USDJPY,H1: Calculate
0	19:57:10.183	RelicusRoad Pro USDJPY,H1: Calculate
0	19:57:10.357	RelicusRoad Pro USDJPY,H1: Calculate
0	19:57:10.864	RelicusRoad Pro EURUSD,H1: Calculate
0	19:57:10.973	RelicusRoad Pro USDJPY,H1: Calculate
0	19:57:11.253	RelicusRoad Pro USDJPY,H1: Calculate
0	19:57:11.396	RelicusRoad Pro EURUSD,H1: Calculate
0	19:57:11.398	RelicusRoad Pro USDJPY,H1: Calculate
0	19:57:11.615	RelicusRoad Pro EURUSD,H1: Calculate
0	19:57:11.630	RelicusRoad Pro USDJPY,H1: Calculate
0	19:57:12.528	RelicusRoad Pro USDJPY,H1: Calculate
0	19:57:12.611	RelicusRoad Pro USDJPY,H1: Calculate
0	19:57:13.330	RelicusRoad Pro USDJPY,H1: Calculate
0	19:57:13.547	RelicusRoad Pro USDJPY,H1: Calculate
0	19:57:13.722	RelicusRoad Pro USDJPY,H1: Calculate
0	19:57:13.851	RelicusRoad Pro EURUSD,H1: Calculate
0	19:57:14.021	RelicusRoad Pro USDJPY,H1: Calculate
0	19:57:15.680	RelicusRoad Pro USDJPY,H1: Calculate
0	19:57:15.806	RelicusRoad Pro USDJPY,H1: Calculate
0	19:57:16.499	RelicusRoad Pro USDJPY,H1: Calculate
0	19:57:16.609	RelicusRoad Pro USDJPY,H1: Calculate
0	19:57:17.253	RelicusRoad Pro USDJPY,H1: Calculate
0	19:57:17.535	RelicusRoad Pro USDJPY,H1: Calculate
0	19:57:17.660	RelicusRoad Pro USDJPY,H1: Calculate
0	19:57:17.772	RelicusRoad Pro USDJPY,H1: Calculate
0	19:57:17.924	RelicusRoad Pro USDJPY,H1: Calculate
0	19:57:18.036	RelicusRoad Pro USDJPY,H1: Calculate
0	19:57:18.327	RelicusRoad Pro USDJPY,H1: Calculate
0	19:57:18.814	RelicusRoad Pro USDJPY,H1: Calculate
0	19:57:18.921	RelicusRoad Pro USDJPY,H1: Calculate
0	19:57:19.608	RelicusRoad Pro USDJPY,H1: Calculate
0	19:57:19.733	RelicusRoad Pro USDJPY,H1: Calculate
0	19:57:19.999	RelicusRoad Pro USDJPY,H1: Calculate
0	19:57:20.141	RelicusRoad Pro USDJPY,H1: Calculate
0	19:57:20.374	RelicusRoad Pro USDJPY,H1: Calculate
0	19:57:20.486	RelicusRoad Pro USDJPY,H1: Calculate
0	19:57:21.215	RelicusRoad Pro USDJPY,H1: Calculate
0	19:57:21.404	RelicusRoad Pro USDJPY,H1: Calculate
0	19:57:21.501	RelicusRoad Pro USDJPY,H1: Calculate
0	19:57:21.810	RelicusRoad Pro USDJPY,H1: Calculate
0	19:57:21.938	RelicusRoad Pro USDJPY,H1: Calculate
0	19:57:22.015	RelicusRoad Pro USDJPY,H1: Calculate
0	19:57:22.127	RelicusRoad Pro USDJPY,H1: Calculate
0	19:57:22.706	RelicusRoad Pro USDJPY,H1: Calculate
0	19:57:22.818	RelicusRoad Pro USDJPY,H1: Calculate
0	19:57:22.913	RelicusRoad Pro USDJPY,H1: Calculate
0	19:57:23.151	RelicusRoad Pro USDJPY,H1: Calculate
0	19:57:23.728	RelicusRoad Pro USDJPY,H1: Calculate
0	19:57:23.853	RelicusRoad Pro USDJPY,H1: Calculate
0	19:57:23.979	RelicusRoad Pro USDJPY,H1: Calculate
0	19:57:24.168	RelicusRoad Pro USDJPY,H1: Calculate
0	19:57:24.295	RelicusRoad Pro USDJPY,H1: Calculate
0	19:57:24.457	RelicusRoad Pro USDJPY,H1: Calculate
0	19:57:24.582	RelicusRoad Pro USDJPY,H1: Calculate
0	19:57:24.693	RelicusRoad Pro USDJPY,H1: Calculate
0	19:57:24.771	RelicusRoad Pro USDJPY,H1: Calculate
0	19:57:25.025	RelicusRoad Pro USDJPY,H1: Calculate
0	19:57:25.583	RelicusRoad Pro USDJPY,H1: Calculate
0	19:57:25.946	RelicusRoad Pro EURUSD,H1: Calculate
0	19:57:26.338	RelicusRoad Pro USDJPY,H1: Calculate
0	19:57:26.450	RelicusRoad Pro USDJPY,H1: Calculate
0	19:57:26.716	RelicusRoad Pro USDJPY,H1: Calculate
0	19:57:27.001	RelicusRoad Pro USDJPY,H1: Calculate
0	19:57:27.113	RelicusRoad Pro USDJPY,H1: Calculate
0	19:57:27.303	RelicusRoad Pro USDJPY,H1: Calculate
0	19:57:27.411	RelicusRoad Pro USDJPY,H1: Calculate
0	19:57:29.111	RelicusRoad Pro USDJPY,H1: Calculate
0	19:57:29.268	RelicusRoad Pro USDJPY,H1: Calculate
0	19:57:29.364	RelicusRoad Pro USDJPY,H1: Calculate
0	19:57:29.486	RelicusRoad Pro USDJPY,H1: Calculate
0	19:57:29.770	RelicusRoad Pro USDJPY,H1: Calculate
0	19:57:29.865	RelicusRoad Pro USDJPY,H1: Calculate
0	19:57:29.992	RelicusRoad Pro USDJPY,H1: Calculate
0	19:57:30.288	RelicusRoad Pro USDJPY,H1: Calculate
0	19:57:30.949	RelicusRoad Pro USDJPY,H1: Calculate
0	19:57:31.166	RelicusRoad Pro USDJPY,H1: Calculate
0	19:57:31.260	RelicusRoad Pro USDJPY,H1: Calculate
0	19:57:31.777	RelicusRoad Pro USDJPY,H1: Calculate
0	19:57:31.920	RelicusRoad Pro USDJPY,H1: Calculate
0	19:57:33.406	RelicusRoad Pro USDJPY,H1: Calculate
0	19:57:33.593	RelicusRoad Pro USDJPY,H1: Calculate
0	19:57:33.703	RelicusRoad Pro USDJPY,H1: Calculate
0	19:57:33.818	RelicusRoad Pro USDJPY,H1: Calculate
0	19:57:34.019	RelicusRoad Pro USDJPY,H1: Calculate
0	19:57:35.776	RelicusRoad Pro USDJPY,H1: Calculate
0	19:57:35.867	RelicusRoad Pro USDJPY,H1: Calculate
0	19:57:36.162	RelicusRoad Pro USDJPY,H1: Calculate
0	19:57:37.004	RelicusRoad Pro USDJPY,H1: Calculate
0	19:57:37.083	RelicusRoad Pro EURUSD,H1: Calculate
0	19:57:37.239	RelicusRoad Pro USDJPY,H1: Calculate
0	19:57:37.349	RelicusRoad Pro USDJPY,H1: Calculate
0	19:57:37.536	RelicusRoad Pro USDJPY,H1: Calculate
0	19:57:37.786	RelicusRoad Pro EURUSD,H1: Calculate
0	19:57:37.788	RelicusRoad Pro USDJPY,H1: Calculate
0	19:57:38.136	RelicusRoad Pro USDJPY,H1: Calculate
0	19:57:38.356	RelicusRoad Pro EURUSD,H1: Calculate
0	19:57:38.419	RelicusRoad Pro USDJPY,H1: Calculate
0	19:57:38.541	RelicusRoad Pro USDJPY,H1: Calculate
0	19:57:38.636	RelicusRoad Pro USDJPY,H1: Calculate
0	19:57:38.812	RelicusRoad Pro USDJPY,H1: Calculate
0	19:57:39.142	Support&Resistance USDJPY,H1: uninit reason 9
0	19:57:39.142	Support&Resistance AUDUSD,H1: uninit reason 9
0	19:57:39.142	PivotPoints.All-In-One EURUSD,H1: uninit reason 9
0	19:57:39.142	Support&Resistance EURUSD,H1: uninit reason 9
0	19:57:39.142	RelicusRoad Pro EURUSD,H1: uninit reason 9
0	19:57:39.144	RelicusRoad Pro USDJPY,H1: uninit reason 9
0	19:57:39.230	Custom indicator Support&Resistance USDJPY,H1: removed
0	19:57:39.234	Custom indicator Support&Resistance AUDUSD,H1: removed
0	19:57:39.238	Custom indicator PivotPoints.All-In-One EURUSD,H1: removed
0	19:57:39.242	Custom indicator Support&Resistance EURUSD,H1: removed
0	19:57:39.246	Custom indicator RelicusRoad Pro EURUSD,H1: removed
0	19:57:39.250	Custom indicator RelicusRoad Pro USDJPY,H1: removed
